~/build/picoquic ~
Starting Picoquic (v1.1.33.0) connection to server = server, port = 4433
Testing scenario: </testfile>
Max stream id bidir remote before start = 0 (0)
Starting client connection. Version = 1, I-CID: 6d672ef9a7c1ec6a
Max stream id bidir remote after start = -4 (0)
Waiting for packets.
Client port (AF=2): 45981.
Negotiated ALPN: h3
Almost ready!

Connection established. Version = 1, I-CID: 6d672ef9a7c1ec6a, verified: 1
Opening stream 0 to GET /testfile
Stream 0 ended after 536870912 bytes
All done, Closing the connection.
Received a request to close the connection.
The connection is closed!
Address Discovery mode: 0 / 0 (0:0)
Quic Bit was greased by the client.
Quic Bit was greased by the server.
ECN was received (ect0: 0, ect1: 381874, ce: 0).
ECN was acknowledged (ect0: 0, ect1: 17304, ce: 0).
Received 536870948 bytes in 18.607120 seconds, 230.823877 Mbps.
Sent 49 bytes in 18.607120 seconds, 0.000021 Mbps.
max_data_local: 1613758464
max_stream_data_local: 1610616336
max_data_remote: 1048576
max_stream_data_remote: 0
ack_delay_remote: 1000 ... 1000
max_ack_gap_remote: 32
ack_delay_local: 1000 ... 25000
max_ack_gap_local: 6
max_mtu_sent: 1252
max_mtu_received: 1440
System call duration max: 54
System call duration smoothed: 1
System call duration deviation: 0
Received ticket from server (h3):
ticket time = 1773225768382, kx = 17, suite = 1301, 120 ticket, 32 secret.
lifetime = 100000, age_add = 1839f66f, 0 nonce, 99 ticket, 8 extensions.
ticket extensions: 42(ED: ffffffff),
Client exit with code = 0
